GempukkuServer loading prerequisites...
Locking blueprint library in constructor
Unlocking blueprint library in constructor
Loaded JSON card file set00-Dwarven.hjson
Loaded JSON card file set00-Elven.hjson
Loaded JSON card file set00-Gandalf.hjson
Loaded JSON card file set00-Gondor.hjson
Loaded JSON card file set00-Rohan.hjson
Loaded JSON card file set00-Shire.hjson
Loaded JSON card file set01-Dwarven.hjson
Loaded JSON card file set01-Elven.hjson
Loaded JSON card file set01-Gandalf.hjson
Loaded JSON card file set01-Gondor.hjson
Loaded JSON card file set01-Isengard.hjson
Loaded JSON card file set01-Moria.hjson
Loaded JSON card file set01-Onering.hjson
Loaded JSON card file set01-Ringwraith.hjson
Loaded JSON card file set01-Sauron.hjson
Loaded JSON card file set01-Shire.hjson
Loaded JSON card file set01-Sites.hjson
Loaded JSON card file set02-Dwarven.hjson
Loaded JSON card file set02-Elven.hjson
Loaded JSON card file set02-Gandalf.hjson
Loaded JSON card file set02-Gondor.hjson
Loaded JSON card file set02-Isengard.hjson
Loaded JSON card file set02-Moria.hjson
Loaded JSON card file set02-Ringwraith.hjson
Loaded JSON card file set02-Sauron.hjson
Loaded JSON card file set02-Shire.hjson
Loaded JSON card file set02-Sites.hjson
Loaded JSON card file set03-Dwarven.hjson
Loaded JSON card file set03-Elven.hjson
Loaded JSON card file set03-Gandalf.hjson
Loaded JSON card file set03-Gondor.hjson
Loaded JSON card file set03-Isengard.hjson
Loaded JSON card file set03-Moria.hjson
Loaded JSON card file set03-Ringwraith.hjson
Loaded JSON card file set03-Sauron.hjson
Loaded JSON card file set03-Shire.hjson
Loaded JSON card file set03-Sites.hjson
Loaded JSON card file set04-Dunland.hjson
Loaded JSON card file set04-Dwarven.hjson
Loaded JSON card file set04-Elven.hjson
Loaded JSON card file set04-Gandalf.hjson
Loaded JSON card file set04-Gondor.hjson
Loaded JSON card file set04-Isengard.hjson
Loaded JSON card file set04-Onering.hjson
Loaded JSON card file set04-Raider.hjson
Loaded JSON card file set04-Rohan.hjson
Loaded JSON card file set04-Shire.hjson
Loaded JSON card file set04-Sites.hjson
Loaded JSON card file set05-Dunland.hjson
Loaded JSON card file set05-Dwarven.hjson
Loaded JSON card file set05-Elven.hjson
Loaded JSON card file set05-Gandalf.hjson
Loaded JSON card file set05-Gollum.hjson
Loaded JSON card file set05-Gondor.hjson
Loaded JSON card file set05-Isengard.hjson
Loaded JSON card file set05-Raider.hjson
Loaded JSON card file set05-Rohan.hjson
Loaded JSON card file set05-Sauron.hjson
Loaded JSON card file set05-Shire.hjson
Loaded JSON card file set05-Sites.hjson
Loaded JSON card file set06-Dunland.hjson
Loaded JSON card file set06-Dwarven.hjson
Loaded JSON card file set06-Elven.hjson
Loaded JSON card file set06-Gandalf.hjson
Loaded JSON card file set06-Gollum.hjson
Loaded JSON card file set06-Gondor.hjson
Loaded JSON card file set06-Isengard.hjson
Loaded JSON card file set06-Moria.hjson
Loaded JSON card file set06-Raider.hjson
Loaded JSON card file set06-Ringwraith.hjson
Loaded JSON card file set06-Rohan.hjson
Loaded JSON card file set06-Sauron.hjson
Loaded JSON card file set06-Shire.hjson
Loaded JSON card file set06-Sites.hjson
Loaded JSON card file set07-Dwarven.hjson
Loaded JSON card file set07-Elven.hjson
Loaded JSON card file set07-Gandalf.hjson
Loaded JSON card file set07-Gollum.hjson
Loaded JSON card file set07-Gondor.hjson
Loaded JSON card file set07-Onering.hjson
Loaded JSON card file set07-Raider.hjson
Loaded JSON card file set07-Ringwraith.hjson
Loaded JSON card file set07-Rohan.hjson
Loaded JSON card file set07-Sauron.hjson
Loaded JSON card file set07-Shire.hjson
Loaded JSON card file set07-Sites.hjson
Loaded JSON card file set08-Dwarven.hjson
Loaded JSON card file set08-Elven.hjson
Loaded JSON card file set08-Gandalf.hjson
Loaded JSON card file set08-Gollum.hjson
Loaded JSON card file set08-Gondor.hjson
Loaded JSON card file set08-Raider.hjson
Loaded JSON card file set08-Ringwraith.hjson
Loaded JSON card file set08-Rohan.hjson
Loaded JSON card file set08-Sauron.hjson
Loaded JSON card file set08-Shire.hjson
Loaded JSON card file set08-Sites.hjson
Loaded JSON card file set09-Dunland.hjson
Loaded JSON card file set09-Dwarven.hjson
Loaded JSON card file set09-Elven.hjson
Loaded JSON card file set09-Gandalf.hjson
Loaded JSON card file set09-Gollum.hjson
Loaded JSON card file set09-Gondor.hjson
Loaded JSON card file set09-Isengard.hjson
Loaded JSON card file set09-Moria.hjson
Loaded JSON card file set09-Onering.hjson
Loaded JSON card file set09-Ringwraith.hjson
Loaded JSON card file set09-Rohan.hjson
Loaded JSON card file set09-Sauron.hjson
Loaded JSON card file set09-Shire.hjson
Loaded JSON card file set10-Dwarven.hjson
Loaded JSON card file set10-Elven.hjson
Loaded JSON card file set10-Gandalf.hjson
Loaded JSON card file set10-Gollum.hjson
Loaded JSON card file set10-Gondor.hjson
Loaded JSON card file set10-Isengard.hjson
Loaded JSON card file set10-Raider.hjson
Loaded JSON card file set10-Ringwraith.hjson
Loaded JSON card file set10-Rohan.hjson
Loaded JSON card file set10-Sauron.hjson
Loaded JSON card file set10-Shire.hjson
Loaded JSON card file set10-Sites.hjson
Loaded JSON card file set11-Dwarven.hjson
Loaded JSON card file set11-Elven.hjson
Loaded JSON card file set11-Gandalf.hjson
Loaded JSON card file set11-Gollum.hjson
Loaded JSON card file set11-Gondor.hjson
Loaded JSON card file set11-Men.hjson
Loaded JSON card file set11-Onering.hjson
Loaded JSON card file set11-Orc.hjson
Loaded JSON card file set11-Ringwraith.hjson
Loaded JSON card file set11-Rohan.hjson
Loaded JSON card file set11-Shire.hjson
Loaded JSON card file set11-Sites.hjson
Loaded JSON card file set11-Uruk-hai.hjson
Loaded JSON card file set12-Dwarven.hjson
Loaded JSON card file set12-Elven.hjson
Loaded JSON card file set12-Gandalf.hjson
Loaded JSON card file set12-Gollum.hjson
Loaded JSON card file set12-Gondor.hjson
Loaded JSON card file set12-Isengard.hjson
Loaded JSON card file set12-Men.hjson
Loaded JSON card file set12-Moria.hjson
Loaded JSON card file set12-Orc.hjson
Loaded JSON card file set12-Ringwraith.hjson
Loaded JSON card file set12-Rohan.hjson
Loaded JSON card file set12-Sauron.hjson
Loaded JSON card file set12-Shire.hjson
Loaded JSON card file set12-Sites.hjson
Loaded JSON card file set12-Uruk-hai.hjson
Loaded JSON card file set13-Dwarven.hjson
Loaded JSON card file set13-Elven.hjson
Loaded JSON card file set13-Gandalf.hjson
Loaded JSON card file set13-Gollum.hjson
Loaded JSON card file set13-Gondor.hjson
Loaded JSON card file set13-Isengard.hjson
Loaded JSON card file set13-Men.hjson
Loaded JSON card file set13-Orc.hjson
Loaded JSON card file set13-Ringwraith.hjson
Loaded JSON card file set13-Rohan.hjson
Loaded JSON card file set13-Sauron.hjson
Loaded JSON card file set13-Shire.hjson
Loaded JSON card file set13-Sites.hjson
Loaded JSON card file set13-Uruk-hai.hjson
Loaded JSON card file set14-Dwarven.hjson
Loaded JSON card file set14-Elven.hjson
Loaded JSON card file set14-Gandalf.hjson
Loaded JSON card file set14-Gondor.hjson
Loaded JSON card file set14-Men.hjson
Loaded JSON card file set14-Orc.hjson
Loaded JSON card file set14-Uruk-hai.hjson
Loaded JSON card file set15-Dwarven.hjson
Loaded JSON card file set15-Elven.hjson
Loaded JSON card file set15-ForthTheThreeHunters.hjson
Loaded JSON card file set15-Gandalf.hjson
Loaded JSON card file set15-Gollum.hjson
Loaded JSON card file set15-Gondor.hjson
Loaded JSON card file set15-Men.hjson
Loaded JSON card file set15-Onering.hjson
Loaded JSON card file set15-Orc.hjson
Loaded JSON card file set15-Ringwraith.hjson
Loaded JSON card file set15-Rohan.hjson
Loaded JSON card file set15-Shire.hjson
Loaded JSON card file set15-Sites.hjson
Loaded JSON card file set15-Uruk-hai.hjson
Loaded JSON card file set16-Ringwraith.hjson
Loaded JSON card file set17-Dwarven.hjson
Loaded JSON card file set17-Elven.hjson
Loaded JSON card file set17-Gandalf.hjson
Loaded JSON card file set17-Gondor.hjson
Loaded JSON card file set17-Isengard.hjson
Loaded JSON card file set17-Men.hjson
Loaded JSON card file set17-Orc.hjson
Loaded JSON card file set17-Ringwraith.hjson
Loaded JSON card file set17-Rohan.hjson
Loaded JSON card file set17-Sauron.hjson
Loaded JSON card file set17-Shire.hjson
Loaded JSON card file set17-Sites.hjson
Loaded JSON card file set17-Uruk-hai.hjson
Loaded JSON card file set18-Dwarven.hjson
Loaded JSON card file set18-Elven.hjson
Loaded JSON card file set18-Gandalf.hjson
Loaded JSON card file set18-Gollum.hjson
Loaded JSON card file set18-Gondor.hjson
Loaded JSON card file set18-Men.hjson
Loaded JSON card file set18-Orc.hjson
Loaded JSON card file set18-Ringwraith.hjson
Loaded JSON card file set18-Rohan.hjson
Loaded JSON card file set18-Shire.hjson
Loaded JSON card file set18-Sites.hjson
Loaded JSON card file set18-Uruk-hai.hjson
Loaded JSON card file set19-Dwarven.hjson
Loaded JSON card file set19-Elven.hjson
Loaded JSON card file set19-Gandalf.hjson
Loaded JSON card file set19-Gollum.hjson
Loaded JSON card file set19-Gondor.hjson
Loaded JSON card file set19-Isengard.hjson
Loaded JSON card file set19-Moria.hjson
Loaded JSON card file set19-Onering.hjson
Loaded JSON card file set19-Orc.hjson
Loaded JSON card file set19-Ringwraith.hjson
Loaded JSON card file set19-Rohan.hjson
Loaded JSON card file set19-Sauron.hjson
Loaded JSON card file set19-Shire.hjson
Loaded JSON card file set19-Uruk-hai.hjson
Loaded JSON card file set30-fp.hjson
Loaded JSON card file set30-shadow.hjson
Loaded JSON card file set30-sites.hjson
Loaded JSON card file set31-fp.hjson
Loaded JSON card file set31-shadow.hjson
Loaded JSON card file set31-sites.hjson
Loaded JSON card file set32-fp.hjson
Loaded JSON card file set32-shadow.hjson
Loaded JSON card file set32-site.hjson
Loaded JSON card file set33-fp.hjson
Loaded JSON card file set33-shadow.hjson
Loaded JSON card file set33-sites.hjson
Loaded JSON card file set01-Dwarven-errata.hjson
Loaded JSON card file set01-Elven-errata.hjson
Loaded JSON card file set01-Gandalf-errata.hjson
Loaded JSON card file set01-Gondor-errata.hjson
Loaded JSON card file set01-Isengard-errata.hjson
Loaded JSON card file set01-Moria-errata.hjson
Loaded JSON card file set01-Ringwraith-errata.hjson
Loaded JSON card file set01-Sauron-errata.hjson
Loaded JSON card file set01-Shire-errata.hjson
Loaded JSON card file set01-Sites-errata.hjson
Loaded JSON card file set02-Dwarven-errata.hjson
Loaded JSON card file set02-Elven-errata.hjson
Loaded JSON card file set02-Gondor-errata.hjson
Loaded JSON card file set02-Isengard-errata.hjson
Loaded JSON card file set02-Moria-errata.hjson
Loaded JSON card file set02-Ringwraith-errata.hjson
Loaded JSON card file set02-Sauron-errata.hjson
Loaded JSON card file set02-Shire-errata.hjson
Loaded JSON card file set03-Dwarven-errata.hjson
Loaded JSON card file set03-Elven-errata.hjson
Loaded JSON card file set03-Gondor-errata.hjson
Loaded JSON card file set03-Isengard-errata.hjson
Loaded JSON card file set03-Moria-errata.hjson
Loaded JSON card file set03-Ringwraith-errata.hjson
Loaded JSON card file set03-Sauron-errata.hjson
Loaded JSON card file set03-Shire-errata.hjson
Loaded JSON card file set03-Sites-errata.hjson
Loaded JSON card file set04-Dwarven-errata.hjson
Loaded JSON card file set04-Elven-errata.hjson
Loaded JSON card file set04-Isengard-errata.hjson
Loaded JSON card file set04-Raider-errata.hjson
Loaded JSON card file set04-Rohan-errata.hjson
Loaded JSON card file set04-Shire-errata.hjson
Loaded JSON card file set04-Sites-errata.hjson
Loaded JSON card file set05-Dwarven-errata.hjson
Loaded JSON card file set05-Elven-errata.hjson
Loaded JSON card file set05-Isengard-errata.hjson
Loaded JSON card file set05-Rohan-errata.hjson
Loaded JSON card file set06-Elven-errata.hjson
Loaded JSON card file set07-Gandalf-errata.hjson
Loaded JSON card file set07-Gondor-errata.hjson
Loaded JSON card file set07-Ringwraith-errata.hjson
Loaded JSON card file set07-Rohan-errata.hjson
Loaded JSON card file set07-Sites-errata.hjson
Loaded JSON card file set08-Dwarven-errata.hjson
Loaded JSON card file set08-Gandalf-errata.hjson
Loaded JSON card file set08-Gollum-errata.hjson
Loaded JSON card file set08-Gondor-errata.hjson
Loaded JSON card file set08-Raider-errata.hjson
Loaded JSON card file set08-Rohan-errata.hjson
Loaded JSON card file set08-Sauron-errata.hjson
Loaded JSON card file set09-Dwarven-errata.hjson
Loaded JSON card file set09-Elven-errata.hjson
Loaded JSON card file set09-Gandalf-errata.hjson
Loaded JSON card file set09-Gollum-errata.hjson
Loaded JSON card file set09-Gondor-errata.hjson
Loaded JSON card file set09-Shire-errata.hjson
Loaded JSON card file set10-Dwarven-errata.hjson
Loaded JSON card file set10-Elven-errata.hjson
Loaded JSON card file set10-Gandalf-errata.hjson
Loaded JSON card file set10-Gondor-errata.hjson
Loaded JSON card file set10-Raider-errata.hjson
Loaded JSON card file set10-Ringwraith-errata.hjson
Loaded JSON card file set10-Rohan-errata.hjson
Loaded JSON card file set10-Sauron-errata.hjson
Loaded JSON card file set11-Gandalf-errata.hjson
Loaded JSON card file set11-Men-errata.hjson
Loaded JSON card file set11-Orc-errata.hjson
Loaded JSON card file set11-Sites-errata.hjson
Loaded JSON card file set13-Elven-errata.hjson
Loaded JSON card file set13-Sites-errata.hjson
Loaded JSON card file set15-Elven-errata.hjson
Loaded JSON card file set15-Gondor-errata.hjson
Loaded JSON card file set15-Orc-errata.hjson
Loaded JSON card file set15-Shire-errata.hjson
Loaded JSON card file set17-elven-errata.hjson
Loaded JSON card file set17-gandalf-errata.hjson
Loaded JSON card file set18-Elven-errata.hjson
Loaded JSON card file set18-Gandalf-errata.hjson
Loaded JSON card file set18-Gollum-errata.hjson
Loaded JSON card file set18-Gondor-errata.hjson
Loaded JSON card file set18-Orc-errata.hjson
Loaded JSON card file set18-Rohan-errata.hjson
Loaded JSON card file set18-Shire-errata.hjson
Loaded JSON card file set18-Sites-errata.hjson
Loaded JSON card file set18-Uruk-errata.hjson
Loaded JSON card file set19-errata.hjson
Loaded JSON card file set19-Ringwraith-errata.hjson
Loaded JSON card file V0-maps.hjson
Loaded JSON card file V0-shadows-sites.hjson
Loaded JSON card file V1_dwarven.hjson
Loaded JSON card file V1_elven.hjson
Loaded JSON card file V1_gandalf.hjson
Loaded JSON card file V1_gondor.hjson
Loaded JSON card file V1_isengard.hjson
Loaded JSON card file V1_moria.hjson
Loaded JSON card file V1_ringwraith.hjson
Loaded JSON card file V1_sauron.hjson
Loaded JSON card file V1_shire.hjson
Loaded JSON card file V1_sites.hjson
Loaded JSON card file V2-Dunland.hjson
Loaded JSON card file V2-Elven.hjson
Loaded JSON card file V2-Gandalf.hjson
Loaded JSON card file V2-Gollum.hjson
Loaded JSON card file V2-Gondor.hjson
Loaded JSON card file V2-Isengard.hjson
Loaded JSON card file V2-Maps.hjson
Loaded JSON card file V2-Moria.hjson
Loaded JSON card file V2-Raider.hjson
Loaded JSON card file V2-Ringwraith.hjson
Loaded JSON card file V2-Rohan.hjson
Loaded JSON card file V2-Sauron.hjson
Loaded JSON card file V2-Sites.hjson
GempukkuServer loading DAOs...
2025-07-14T20:48:02.697670878Z main WARN Runtime environment or build system does not support multi-release JARs. This will impact location-based features.
GempukkuServer loading services...
Loaded draft definition: /etc/gemp-lotr/gemp-lotr-cards/src/main/resources/draft/fellowshipDraft.json
Loaded draft definition: /etc/gemp-lotr/gemp-lotr-cards/src/main/resources/draft/hobbitDraft.json
Loaded draft definition: /etc/gemp-lotr/gemp-lotr-cards/src/main/resources/draft/hobbitRandomDraft.json
Loaded draft definition: /etc/gemp-lotr/gemp-lotr-cards/src/main/resources/draft/testDraft.json
Loaded draft definition: /etc/gemp-lotr/gemp-lotr-cards/src/main/resources/draft/twoTowersDraft.json
Loaded table draft definition: /etc/gemp-lotr/gemp-lotr-cards/src/main/resources/draft-table/fotrFusionTableDraft.json
Loaded table draft definition: /etc/gemp-lotr/gemp-lotr-cards/src/main/resources/draft-table/fotrPowerMaxTableDraft.json
Loaded table draft definition: /etc/gemp-lotr/gemp-lotr-cards/src/main/resources/draft-table/fotrTableDraft.json
Loaded table draft definition: /etc/gemp-lotr/gemp-lotr-cards/src/main/resources/draft-table/hobbitTableDraft.json
Loaded table draft definition: /etc/gemp-lotr/gemp-lotr-cards/src/main/resources/draft-table/tttFusionTableDraft.json
Loaded table draft definition: /etc/gemp-lotr/gemp-lotr-cards/src/main/resources/draft-table/tttTableDraft.json
SLF4J: Failed to load class "org.slf4j.impl.StaticLoggerBinder".
SLF4J: Defaulting to no-operation (NOP) logger implementation
SLF4J: See http://www.slf4j.org/codes.html#StaticLoggerBinder for further details.
PlayerDAO::registerBot(...) 422ms
training bot models at startup
PlayerDAO::registerBot(...) 1ms
loading 'GoFirstTrainer' model
loading 'MulliganTrainer' model
loading 'AnotherMoveTrainer' model
loading 'BurdenTrainer' model
loading 'ReconcileTrainer' model
loading 'SanctuaryTrainer' model
loading 'ArcheryWoundTrainer' model
loading 'AttachItemTrainer' model
loading 'SkirmishOrderTrainer' model
loading 'HealTrainer' model
loading 'DiscardFromHandTrainer' model
loading 'ExertTrainer' model
loading 'DiscardFromPlayTrainer' model
loading 'PlayFromHandTrainer' model
loading 'FallBackCardSelectionTrainer' model
loading 'CardFromDiscardTrainer' model
loading 'StartingFellowshipTrainer' model
loading 'FellowshipPlayCardTrainer' model
loading 'FellowshipUseCardTrainer' model
loading 'FellowshipHealTrainer' model
loading 'FellowshipTransferTrainer' model
loading 'ShadowPlayCardTrainer' model
loading 'ShadowUseCardTrainer' model
loading 'ManeuverPlayCardTrainer' model
loading 'ManeuverUseCardTrainer' model
loading 'SkirmishFpPlayCardTrainer' model
loading 'SkirmishFpUseCardTrainer' model
loading 'SkirmishShadowPlayCardTrainer' model
loading 'SkirmishShadowUseCardTrainer' model
loading 'RegroupPlayCardTrainer' model
loading 'OptionalResponsesCardActionTrainer' model
loading 'ShadowAssignmentTrainer' model
loading 'FpAssignmentTrainer' model
training done
GempukkuServer starting servers...
Adding server: class com.gempukku.lotro.hall.HallServer
Started: HallServer
TournamentDAO::getUnstartedScheduledTournamentQueues(...) 13ms
TournamentDAO::getUnstartedScheduledTournamentQueues(...) 3ms
TournamentDAO::getUnfinishedTournaments(...) 7ms
Adding server: class com.gempukku.lotro.game.LotroServer
Started: LotroServer
Adding server: class com.gempukku.lotro.chat.ChatServer
Started: ChatServer
GempukkuServer startup complete.
TournamentDAO::getUnstartedScheduledTournamentQueues(...) 8ms
TournamentDAO::getUnstartedScheduledTournamentQueues(...) 5ms
TournamentDAO::getUnstartedScheduledTournamentQueues(...) 8ms
TournamentDAO::getUnstartedScheduledTournamentQueues(...) 7ms
TournamentDAO::getUnstartedScheduledTournamentQueues(...) 5ms
TournamentDAO::getUnstartedScheduledTournamentQueues(...) 6ms
TournamentDAO::getUnstartedScheduledTournamentQueues(...) 6ms
TournamentDAO::getUnstartedScheduledTournamentQueues(...) 4ms
TournamentDAO::getUnstartedScheduledTournamentQueues(...) 5ms
TournamentDAO::getUnstartedScheduledTournamentQueues(...) 5ms
TournamentDAO::getUnstartedScheduledTournamentQueues(...) 6ms
TournamentDAO::getUnstartedScheduledTournamentQueues(...) 5ms
TournamentDAO::getUnstartedScheduledTournamentQueues(...) 6ms
TournamentDAO::getUnstartedScheduledTournamentQueues(...) 6ms
TournamentDAO::getUnstartedScheduledTournamentQueues(...) 6ms
TournamentDAO::getUnstartedScheduledTournamentQueues(...) 3ms
TournamentDAO::getUnstartedScheduledTournamentQueues(...) 6ms
TournamentDAO::getUnstartedScheduledTournamentQueues(...) 2ms
